{
  "stats": {
    "suites": 1,
    "tests": 2,
    "passes": 2,
    "pending": 0,
    "failures": 0,
    "start": "2025-01-15T18:30:31.109Z",
    "end": "2025-01-15T18:30:50.594Z",
    "duration": 19485,
    "testsRegistered": 2,
    "passPercent": 100,
    "pendingPercent": 0,
    "other": 0,
    "hasOther": false,
    "skipped": 0,
    "hasSkipped": false
  },
  "results": [
    {
      "uuid": "31238958-a173-4028-9419-cceae73320a2",
      "title": "",
      "fullFile": "cypress\\e2e\\performance.cy.js",
      "file": "cypress\\e2e\\performance.cy.js",
      "beforeHooks": [],
      "afterHooks": [],
      "tests": [],
      "suites": [
        {
          "uuid": "a47bb72e-477b-4076-8e9c-3ad5929ba597",
          "title": "Monitoramento de Desempenho",
          "fullFile": "",
          "file": "",
          "beforeHooks": [],
          "afterHooks": [],
          "tests": [
            {
              "title": "Deve testar desempenho do site https://www.globo.com/",
              "fullTitle": "Monitoramento de Desempenho Deve testar desempenho do site https://www.globo.com/",
              "timedOut": null,
              "duration": 11821,
              "state": "passed",
              "speed": "slow",
              "pass": true,
              "fail": false,
              "pending": false,
              "context": null,
              "code": "cy.visit(url);\ncy.task('lighthouse', {\n  url,\n  thresholds: {\n    performance: 50,\n    accessibility: 50,\n    'best-practices': 50,\n    seo: 50\n  }\n}).then(report => {\n  cy.log(`Resultados de desempenho para ${url}`);\n  cy.log(report);\n});",
              "err": {},
              "uuid": "350d6806-a0b4-4d13-8632-fbbf52ad234d",
              "parentUUID": "a47bb72e-477b-4076-8e9c-3ad5929ba597",
              "isHook": false,
              "skipped": false
            },
            {
              "title": "Deve testar desempenho do site https://www.google.com.br/",
              "fullTitle": "Monitoramento de Desempenho Deve testar desempenho do site https://www.google.com.br/",
              "timedOut": null,
              "duration": 2336,
              "state": "passed",
              "speed": "fast",
              "pass": true,
              "fail": false,
              "pending": false,
              "context": null,
              "code": "cy.visit(url);\ncy.task('lighthouse', {\n  url,\n  thresholds: {\n    performance: 50,\n    accessibility: 50,\n    'best-practices': 50,\n    seo: 50\n  }\n}).then(report => {\n  cy.log(`Resultados de desempenho para ${url}`);\n  cy.log(report);\n});",
              "err": {},
              "uuid": "f0518411-89e6-4c04-af0c-ccd88be6a3d2",
              "parentUUID": "a47bb72e-477b-4076-8e9c-3ad5929ba597",
              "isHook": false,
              "skipped": false
            }
          ],
          "suites": [],
          "passes": [
            "350d6806-a0b4-4d13-8632-fbbf52ad234d",
            "f0518411-89e6-4c04-af0c-ccd88be6a3d2"
          ],
          "failures": [],
          "pending": [],
          "skipped": [],
          "duration": 14157,
          "root": false,
          "rootEmpty": false,
          "_timeout": 2000
        }
      ],
      "passes": [],
      "failures": [],
      "pending": [],
      "skipped": [],
      "duration": 0,
      "root": true,
      "rootEmpty": true,
      "_timeout": 2000
    }
  ],
  "meta": {
    "mocha": {
      "version": "7.0.1"
    },
    "mochawesome": {
      "options": {
        "quiet": false,
        "reportFilename": "mochawesome",
        "saveHtml": true,
        "saveJson": true,
        "consoleReporter": "spec",
        "useInlineDiffs": false,
        "code": true
      },
      "version": "7.1.3"
    },
    "marge": {
      "options": {
        "reportDir": "cypress/reports",
        "overwrite": false,
        "html": true,
        "json": true
      },
      "version": "6.2.0"
    }
  }
}